{"level":"info","message":"[GET] Conexión a DB establecida","timestamp":"2025-01-25 08:02:32"}
{"level":"info","message":"[GET] Conexión a DB establecida","timestamp":"2025-01-25 08:02:32"}
{"level":"info","message":"[GET] Recuperados 5 usuarios","timestamp":"2025-01-25 08:02:32"}
{"level":"info","message":"[GET] Recuperados 5 usuarios","timestamp":"2025-01-25 08:02:32"}
{"level":"info","message":"[GET] Conexión a DB establecida","timestamp":"2025-01-25 08:03:05"}
{"level":"info","message":"[GET] Recuperados 5 usuarios","timestamp":"2025-01-25 08:03:05"}
{"level":"info","message":"[GET] Conexión a DB establecida","timestamp":"2025-01-25 08:03:06"}
{"level":"info","message":"[GET] Recuperados 5 usuarios","timestamp":"2025-01-25 08:03:06"}
{"level":"info","message":"Intentando crear nueva planilla para usuario: 6747d9e276271e6ad56251cc","timestamp":"2025-01-25 08:04:12"}
{"level":"error","message":"Error en POST /api/planillas: Plani validation failed: trainingDays.1.Bloque2.0.name: Path `name` is required.","timestamp":"2025-01-25 08:04:12"}
{"level":"error","message":"Intento de crear planilla con estructura de ejercicios inválida","timestamp":"2025-01-25 08:04:46"}
{"level":"error","message":"Intento de crear planilla con estructura de ejercicios inválida","timestamp":"2025-01-25 08:05:46"}
{"level":"info","message":"Intentando crear nueva planilla para usuario: 6747d9e276271e6ad56251cc","timestamp":"2025-01-25 08:12:09"}
{"level":"error","message":"Error en POST /api/planillas: Plani validation failed: trainingDays.1.Bloque2.0.name: Path `name` is required.","timestamp":"2025-01-25 08:12:09"}
{"level":"info","message":"Intentando crear nueva planilla para usuario: 6747d9e276271e6ad56251cc","timestamp":"2025-01-25 08:12:34"}
{"level":"error","message":"Error en POST /api/planillas: Plani validation failed: trainingDays.1.Bloque2.0.name: Path `name` is required.","timestamp":"2025-01-25 08:12:34"}
{"level":"info","message":"Intentando crear nueva planilla para usuario: 6747d9e276271e6ad56251cc","timestamp":"2025-01-25 08:16:25"}
{"level":"error","message":"Error en POST /api/planillas: Plani validation failed: trainingDays.1.Bloque2.0.name: Path `name` is required.","timestamp":"2025-01-25 08:16:25"}
{"level":"info","message":"Intentando crear nueva planilla para usuario: 6747d9e276271e6ad56251cc","timestamp":"2025-01-25 08:17:10"}
{"level":"info","message":"Planilla creada exitosamente para usuario: 6747d9e276271e6ad56251cc","timestamp":"2025-01-25 08:17:10"}
{"level":"info","message":"[GET] Conexión a DB establecida","timestamp":"2025-01-25 08:17:33"}
{"level":"info","message":"[GET] Recuperados 5 usuarios","timestamp":"2025-01-25 08:17:33"}
{"level":"info","message":"[GET] Conexión a DB establecida","timestamp":"2025-01-25 08:17:34"}
{"level":"info","message":"[GET] Recuperados 5 usuarios","timestamp":"2025-01-25 08:17:34"}
{"level":"info","message":"Intentando crear nueva planilla para usuario: 6747d9e276271e6ad56251cc","timestamp":"2025-01-25 08:18:52"}
{"level":"error","message":"Error en POST /api/planillas: Plani validation failed: trainingDays.0.Bloque1.0.sets: Path `sets` is required., trainingDays.2.Bloque1.0.name: Path `name` is required.","timestamp":"2025-01-25 08:18:52"}
{"level":"info","message":"Intentando crear nueva planilla para usuario: 6747d9e276271e6ad56251cc","timestamp":"2025-01-25 08:19:19"}
{"level":"error","message":"Error en POST /api/planillas: Plani validation failed: trainingDays.2.Bloque1.0.name: Path `name` is required.","timestamp":"2025-01-25 08:19:19"}
{"level":"info","message":"Intentando crear nueva planilla para usuario: 6747d9e276271e6ad56251cc","timestamp":"2025-01-25 08:20:00"}
{"level":"error","message":"Error en POST /api/planillas: Plani validation failed: trainingDays.2.Bloque1.0.name: Path `name` is required.","timestamp":"2025-01-25 08:20:00"}
{"level":"info","message":"Intentando crear nueva planilla para usuario: 6747d9e276271e6ad56251cc","timestamp":"2025-01-25 08:26:27"}
{"level":"info","message":"Planilla creada exitosamente para usuario: 6747d9e276271e6ad56251cc","timestamp":"2025-01-25 08:26:27"}
{"level":"info","message":"[GET] Conexión a DB establecida","timestamp":"2025-01-25 08:27:36"}
{"level":"info","message":"[GET] Recuperados 5 usuarios","timestamp":"2025-01-25 08:27:36"}
{"level":"info","message":"[GET] Conexión a DB establecida","timestamp":"2025-01-25 08:27:36"}
{"level":"info","message":"[GET] Recuperados 5 usuarios","timestamp":"2025-01-25 08:27:36"}
{"level":"info","message":"Intentando crear nueva planilla para usuario: 6747d9e276271e6ad56251cc","timestamp":"2025-01-25 08:29:19"}
{"level":"info","message":"Planilla creada exitosamente para usuario: 6747d9e276271e6ad56251cc","timestamp":"2025-01-25 08:29:19"}
{"level":"info","message":"[GET] Conexión a DB establecida","timestamp":"2025-01-25 08:29:28"}
{"level":"info","message":"[GET] Conexión a DB establecida","timestamp":"2025-01-25 08:29:28"}
{"level":"info","message":"[GET] Recuperados 5 usuarios","timestamp":"2025-01-25 08:29:28"}
{"level":"info","message":"[GET] Recuperados 5 usuarios","timestamp":"2025-01-25 08:29:28"}
{"level":"info","message":"Planillas recuperadas para el usuario 6747d9e276271e6ad56251cc","timestamp":"2025-01-25 08:29:36"}
{"level":"info","message":"Planillas recuperadas para el usuario 6747d9e276271e6ad56251cc","timestamp":"2025-01-25 08:29:36"}
{"level":"info","message":"[GET] Conexión a DB establecida","timestamp":"2025-01-25 08:29:36"}
{"level":"info","message":"[GET] Usuario encontrado: diegoariel.morales@gmail.com","timestamp":"2025-01-25 08:29:36"}
{"level":"info","message":"Planillas recuperadas para el usuario 6747d9e276271e6ad56251cc","timestamp":"2025-01-25 08:29:36"}
{"level":"info","message":"[GET] Conexión a DB establecida","timestamp":"2025-01-25 08:29:36"}
{"level":"info","message":"[GET] Usuario encontrado: diegoariel.morales@gmail.com","timestamp":"2025-01-25 08:29:36"}
{"level":"info","message":"Planillas recuperadas para el usuario 6747d9e276271e6ad56251cc","timestamp":"2025-01-25 08:29:36"}
{"level":"info","message":"[GET] Conexión a DB establecida","timestamp":"2025-01-25 08:29:36"}
{"level":"info","message":"[GET] Usuario encontrado: diegoariel.morales@gmail.com","timestamp":"2025-01-25 08:29:36"}
{"level":"info","message":"[GET] Conexión a DB establecida","timestamp":"2025-01-25 08:29:36"}
{"level":"info","message":"[GET] Usuario encontrado: diegoariel.morales@gmail.com","timestamp":"2025-01-25 08:29:36"}
{"level":"info","message":"Planillas recuperadas para el usuario 6747d9e276271e6ad56251cc","timestamp":"2025-01-25 08:29:42"}
{"level":"info","message":"[GET] Conexión a DB establecida","timestamp":"2025-01-25 08:29:42"}
{"level":"info","message":"[GET] Usuario encontrado: diegoariel.morales@gmail.com","timestamp":"2025-01-25 08:29:42"}
{"level":"info","message":"Planillas recuperadas para el usuario 6747d9e276271e6ad56251cc","timestamp":"2025-01-25 08:35:34"}
{"level":"info","message":"[GET] Conexión a DB establecida","timestamp":"2025-01-25 08:35:34"}
{"level":"info","message":"[GET] Usuario encontrado: diegoariel.morales@gmail.com","timestamp":"2025-01-25 08:35:34"}
{"level":"info","message":"Planillas recuperadas para el usuario 6747d9e276271e6ad56251cc","timestamp":"2025-01-25 08:35:37"}
{"level":"info","message":"[GET] Conexión a DB establecida","timestamp":"2025-01-25 08:35:37"}
{"level":"info","message":"[GET] Usuario encontrado: diegoariel.morales@gmail.com","timestamp":"2025-01-25 08:35:37"}
{"level":"info","message":"[GET] Conexión a DB establecida","timestamp":"2025-01-25 08:37:25"}
{"level":"info","message":"[GET] Conexión a DB establecida","timestamp":"2025-01-25 08:37:25"}
{"level":"info","message":"[GET] Recuperados 5 usuarios","timestamp":"2025-01-25 08:37:25"}
{"level":"info","message":"[GET] Recuperados 5 usuarios","timestamp":"2025-01-25 08:37:25"}
{"level":"info","message":"[GET] Conexión a DB establecida","timestamp":"2025-01-25 08:38:22"}
{"level":"info","message":"[GET] Recuperados 5 usuarios","timestamp":"2025-01-25 08:38:22"}
{"level":"info","message":"[GET] Conexión a DB establecida","timestamp":"2025-01-25 08:38:22"}
{"level":"info","message":"[GET] Recuperados 5 usuarios","timestamp":"2025-01-25 08:38:22"}
{"level":"info","message":"[GET] Conexión a DB establecida","timestamp":"2025-01-25 08:38:25"}
{"level":"info","message":"[GET] Recuperados 5 usuarios","timestamp":"2025-01-25 08:38:25"}
{"level":"info","message":"[GET] Conexión a DB establecida","timestamp":"2025-01-25 08:38:25"}
{"level":"info","message":"[GET] Recuperados 5 usuarios","timestamp":"2025-01-25 08:38:25"}
{"level":"info","message":"[GET] Conexión a DB establecida","timestamp":"2025-01-25 08:38:28"}
{"level":"info","message":"[GET] Conexión a DB establecida","timestamp":"2025-01-25 08:38:28"}
{"level":"info","message":"[GET] Recuperados 5 usuarios","timestamp":"2025-01-25 08:38:28"}
{"level":"info","message":"[GET] Recuperados 5 usuarios","timestamp":"2025-01-25 08:38:28"}
{"level":"info","message":"[GET] Conexión a DB establecida","timestamp":"2025-01-25 08:40:16"}
{"level":"info","message":"[GET] Recuperados 5 usuarios","timestamp":"2025-01-25 08:40:16"}
{"level":"info","message":"[GET] Conexión a DB establecida","timestamp":"2025-01-25 08:40:16"}
{"level":"info","message":"[GET] Recuperados 5 usuarios","timestamp":"2025-01-25 08:40:16"}
{"level":"info","message":"[GET] Conexión a DB establecida","timestamp":"2025-01-25 08:45:02"}
{"level":"info","message":"[GET] Recuperados 5 usuarios","timestamp":"2025-01-25 08:45:02"}
{"level":"info","message":"[GET] Conexión a DB establecida","timestamp":"2025-01-25 08:45:02"}
{"level":"info","message":"[GET] Recuperados 5 usuarios","timestamp":"2025-01-25 08:45:02"}
{"level":"info","message":"[GET] Conexión a DB establecida","timestamp":"2025-01-25 08:45:43"}
{"level":"info","message":"[GET] Recuperados 5 usuarios","timestamp":"2025-01-25 08:45:43"}
{"level":"info","message":"[GET] Conexión a DB establecida","timestamp":"2025-01-25 08:45:43"}
{"level":"info","message":"[GET] Recuperados 5 usuarios","timestamp":"2025-01-25 08:45:43"}
{"level":"info","message":"Intentando crear nueva planilla para usuario: 6747d9e276271e6ad56251cc","timestamp":"2025-01-25 08:52:15"}
{"level":"info","message":"Planilla creada exitosamente para usuario: 6747d9e276271e6ad56251cc","timestamp":"2025-01-25 08:52:15"}
{"level":"info","message":"[GET] Conexión a DB establecida","timestamp":"2025-01-25 08:52:31"}
{"level":"info","message":"[GET] Conexión a DB establecida","timestamp":"2025-01-25 08:52:31"}
{"level":"info","message":"[GET] Recuperados 5 usuarios","timestamp":"2025-01-25 08:52:31"}
{"level":"info","message":"[GET] Recuperados 5 usuarios","timestamp":"2025-01-25 08:52:31"}
{"level":"info","message":"Planillas recuperadas para el usuario 6747d9e276271e6ad56251cc","timestamp":"2025-01-25 08:52:38"}
{"level":"info","message":"Planillas recuperadas para el usuario 6747d9e276271e6ad56251cc","timestamp":"2025-01-25 08:52:38"}
{"level":"info","message":"Planillas recuperadas para el usuario 6747d9e276271e6ad56251cc","timestamp":"2025-01-25 08:52:38"}
{"level":"info","message":"Planillas recuperadas para el usuario 6747d9e276271e6ad56251cc","timestamp":"2025-01-25 08:52:38"}
{"level":"info","message":"[GET] Conexión a DB establecida","timestamp":"2025-01-25 08:52:38"}
{"level":"info","message":"[GET] Usuario encontrado: diegoariel.morales@gmail.com","timestamp":"2025-01-25 08:52:38"}
{"level":"info","message":"[GET] Conexión a DB establecida","timestamp":"2025-01-25 08:52:38"}
{"level":"info","message":"[GET] Usuario encontrado: diegoariel.morales@gmail.com","timestamp":"2025-01-25 08:52:38"}
{"level":"info","message":"[GET] Conexión a DB establecida","timestamp":"2025-01-25 08:52:38"}
{"level":"info","message":"[GET] Usuario encontrado: diegoariel.morales@gmail.com","timestamp":"2025-01-25 08:52:38"}
{"level":"info","message":"[GET] Conexión a DB establecida","timestamp":"2025-01-25 08:52:38"}
{"level":"info","message":"[GET] Usuario encontrado: diegoariel.morales@gmail.com","timestamp":"2025-01-25 08:52:38"}
{"level":"info","message":"[GET] Conexión a DB establecida","timestamp":"2025-01-26 16:26:06"}
{"level":"info","message":"[GET] Conexión a DB establecida","timestamp":"2025-01-26 16:26:06"}
{"level":"info","message":"[GET] Recuperados 5 usuarios","timestamp":"2025-01-26 16:26:06"}
{"level":"info","message":"[GET] Recuperados 5 usuarios","timestamp":"2025-01-26 16:26:06"}
{"level":"info","message":"[GET] Conexión a DB establecida","timestamp":"2025-01-26 16:30:04"}
{"level":"info","message":"[GET] Conexión a DB establecida","timestamp":"2025-01-26 16:30:04"}
{"level":"info","message":"[GET] Recuperados 5 usuarios","timestamp":"2025-01-26 16:30:04"}
{"level":"info","message":"[GET] Recuperados 5 usuarios","timestamp":"2025-01-26 16:30:04"}
{"level":"info","message":"[GET] Conexión a DB establecida","timestamp":"2025-01-26 16:31:23"}
{"level":"info","message":"[GET] Conexión a DB establecida","timestamp":"2025-01-26 16:31:23"}
{"level":"info","message":"[GET] Recuperados 5 usuarios","timestamp":"2025-01-26 16:31:23"}
{"level":"info","message":"[GET] Recuperados 5 usuarios","timestamp":"2025-01-26 16:31:23"}
{"level":"info","message":"[GET] Conexión a DB establecida","timestamp":"2025-01-26 16:34:30"}
{"level":"info","message":"[GET] Recuperados 5 usuarios","timestamp":"2025-01-26 16:34:30"}
{"level":"info","message":"[GET] Conexión a DB establecida","timestamp":"2025-01-26 16:34:30"}
{"level":"info","message":"[GET] Recuperados 5 usuarios","timestamp":"2025-01-26 16:34:30"}
{"level":"info","message":"[GET] Conexión a DB establecida","timestamp":"2025-01-26 16:37:50"}
{"level":"info","message":"[GET] Recuperados 5 usuarios","timestamp":"2025-01-26 16:37:50"}
{"level":"info","message":"[GET] Conexión a DB establecida","timestamp":"2025-01-26 16:37:50"}
{"level":"info","message":"[GET] Recuperados 5 usuarios","timestamp":"2025-01-26 16:37:50"}
{"level":"info","message":"[GET] Conexión a DB establecida","timestamp":"2025-01-27 22:59:55"}
{"level":"info","message":"[GET] Recuperados 5 usuarios","timestamp":"2025-01-27 22:59:55"}
{"level":"info","message":"[GET] Conexión a DB establecida","timestamp":"2025-01-27 22:59:55"}
{"level":"info","message":"[GET] Recuperados 5 usuarios","timestamp":"2025-01-27 22:59:55"}
{"level":"info","message":"Planillas recuperadas para el usuario 6747d9e276271e6ad56251cc","timestamp":"2025-01-27 23:00:27"}
{"level":"info","message":"Planillas recuperadas para el usuario 6747d9e276271e6ad56251cc","timestamp":"2025-01-27 23:00:27"}
{"level":"info","message":"Planillas recuperadas para el usuario 6747d9e276271e6ad56251cc","timestamp":"2025-01-27 23:00:27"}
{"level":"info","message":"Planillas recuperadas para el usuario 6747d9e276271e6ad56251cc","timestamp":"2025-01-27 23:00:27"}
{"level":"info","message":"[GET] Conexión a DB establecida","timestamp":"2025-01-27 23:00:27"}
{"level":"info","message":"[GET] Usuario encontrado: diegoariel.morales@gmail.com","timestamp":"2025-01-27 23:00:27"}
{"level":"info","message":"[GET] Conexión a DB establecida","timestamp":"2025-01-27 23:00:27"}
{"level":"info","message":"[GET] Usuario encontrado: diegoariel.morales@gmail.com","timestamp":"2025-01-27 23:00:27"}
{"level":"info","message":"[GET] Conexión a DB establecida","timestamp":"2025-01-27 23:00:27"}
{"level":"info","message":"[GET] Usuario encontrado: diegoariel.morales@gmail.com","timestamp":"2025-01-27 23:00:27"}
{"level":"info","message":"[GET] Conexión a DB establecida","timestamp":"2025-01-27 23:00:27"}
{"level":"info","message":"[GET] Usuario encontrado: diegoariel.morales@gmail.com","timestamp":"2025-01-27 23:00:27"}
{"level":"info","message":"Planillas recuperadas para el usuario 6747d9e276271e6ad56251cc","timestamp":"2025-01-27 23:04:29"}
{"level":"info","message":"Planillas recuperadas para el usuario 6747d9e276271e6ad56251cc","timestamp":"2025-01-27 23:04:29"}
{"level":"info","message":"Planillas recuperadas para el usuario 6747d9e276271e6ad56251cc","timestamp":"2025-01-27 23:05:32"}
{"level":"info","message":"Planillas recuperadas para el usuario 6747d9e276271e6ad56251cc","timestamp":"2025-01-27 23:05:32"}
{"level":"info","message":"Planillas recuperadas para el usuario 6747d9e276271e6ad56251cc","timestamp":"2025-01-27 23:05:37"}
{"level":"info","message":"Planillas recuperadas para el usuario 6747d9e276271e6ad56251cc","timestamp":"2025-01-27 23:05:42"}
{"level":"info","message":"Planillas recuperadas para el usuario 6747d9e276271e6ad56251cc","timestamp":"2025-01-27 23:05:46"}
{"level":"info","message":"Planillas recuperadas para el usuario 6747d9e276271e6ad56251cc","timestamp":"2025-01-27 23:05:47"}
{"level":"info","message":"Planillas recuperadas para el usuario 6747d9e276271e6ad56251cc","timestamp":"2025-01-27 23:05:54"}
{"level":"info","message":"Planillas recuperadas para el usuario 6747d9e276271e6ad56251cc","timestamp":"2025-01-27 23:05:55"}
{"level":"info","message":"Planillas recuperadas para el usuario 6747d9e276271e6ad56251cc","timestamp":"2025-01-27 23:05:58"}
{"level":"info","message":"Planillas recuperadas para el usuario 6747d9e276271e6ad56251cc","timestamp":"2025-01-27 23:05:58"}
{"level":"info","message":"Planillas recuperadas para el usuario 6747d9e276271e6ad56251cc","timestamp":"2025-01-27 23:06:04"}
{"level":"info","message":"Planillas recuperadas para el usuario 6747d9e276271e6ad56251cc","timestamp":"2025-01-27 23:06:05"}
{"level":"info","message":"Planillas recuperadas para el usuario 6747d9e276271e6ad56251cc","timestamp":"2025-01-27 23:06:08"}
{"level":"info","message":"Planillas recuperadas para el usuario 6747d9e276271e6ad56251cc","timestamp":"2025-01-27 23:06:08"}
{"level":"info","message":"Planillas recuperadas para el usuario 6747d9e276271e6ad56251cc","timestamp":"2025-01-27 23:06:18"}
{"level":"info","message":"Planillas recuperadas para el usuario 6747d9e276271e6ad56251cc","timestamp":"2025-01-27 23:06:19"}
{"level":"info","message":"Planillas recuperadas para el usuario 6747d9e276271e6ad56251cc","timestamp":"2025-01-27 23:06:30"}
{"level":"info","message":"Planillas recuperadas para el usuario 6747d9e276271e6ad56251cc","timestamp":"2025-01-27 23:06:30"}
{"level":"info","message":"Planillas recuperadas para el usuario 6747d9e276271e6ad56251cc","timestamp":"2025-01-27 23:07:07"}
{"level":"info","message":"Planillas recuperadas para el usuario 6747d9e276271e6ad56251cc","timestamp":"2025-01-27 23:07:49"}
{"level":"info","message":"Planillas recuperadas para el usuario 6747d9e276271e6ad56251cc","timestamp":"2025-01-27 23:07:50"}
{"level":"info","message":"Planillas recuperadas para el usuario 6747d9e276271e6ad56251cc","timestamp":"2025-01-27 23:07:55"}
{"level":"info","message":"Planillas recuperadas para el usuario 6747d9e276271e6ad56251cc","timestamp":"2025-01-27 23:08:13"}
{"level":"info","message":"Planillas recuperadas para el usuario 6747d9e276271e6ad56251cc","timestamp":"2025-01-27 23:08:13"}
{"level":"info","message":"Planillas recuperadas para el usuario 6747d9e276271e6ad56251cc","timestamp":"2025-01-27 23:13:16"}
{"level":"info","message":"[GET] Conexión a DB establecida","timestamp":"2025-01-31 22:55:57"}
{"level":"info","message":"[GET] Conexión a DB establecida","timestamp":"2025-01-31 22:55:57"}
{"level":"info","message":"[GET] Recuperados 5 usuarios","timestamp":"2025-01-31 22:55:57"}
{"level":"info","message":"[GET] Recuperados 5 usuarios","timestamp":"2025-01-31 22:55:57"}
{"level":"info","message":"Planillas recuperadas para el usuario 6747d9e276271e6ad56251cc","timestamp":"2025-01-31 22:56:03"}
{"level":"info","message":"Planillas recuperadas para el usuario 6747d9e276271e6ad56251cc","timestamp":"2025-01-31 22:56:03"}
{"level":"info","message":"Planillas recuperadas para el usuario 6747d9e276271e6ad56251cc","timestamp":"2025-01-31 22:56:03"}
{"level":"info","message":"[GET] Conexión a DB establecida","timestamp":"2025-01-31 22:56:03"}
{"level":"info","message":"[GET] Usuario encontrado: diegoariel.morales@gmail.com","timestamp":"2025-01-31 22:56:03"}
{"level":"info","message":"Planillas recuperadas para el usuario 6747d9e276271e6ad56251cc","timestamp":"2025-01-31 22:56:03"}
{"level":"info","message":"[GET] Conexión a DB establecida","timestamp":"2025-01-31 22:56:03"}
{"level":"info","message":"[GET] Conexión a DB establecida","timestamp":"2025-01-31 22:56:03"}
{"level":"info","message":"[GET] Usuario encontrado: diegoariel.morales@gmail.com","timestamp":"2025-01-31 22:56:03"}
{"level":"info","message":"[GET] Usuario encontrado: diegoariel.morales@gmail.com","timestamp":"2025-01-31 22:56:03"}
{"level":"info","message":"[GET] Conexión a DB establecida","timestamp":"2025-01-31 22:56:03"}
{"level":"info","message":"[GET] Usuario encontrado: diegoariel.morales@gmail.com","timestamp":"2025-01-31 22:56:03"}
{"level":"info","message":"Planillas recuperadas para el usuario 6747d9e276271e6ad56251cc","timestamp":"2025-01-31 23:04:12"}
{"level":"info","message":"Planillas recuperadas para el usuario 6747d9e276271e6ad56251cc","timestamp":"2025-01-31 23:04:12"}
{"level":"info","message":"Planillas recuperadas para el usuario 6747d9e276271e6ad56251cc","timestamp":"2025-01-31 23:04:12"}
{"level":"info","message":"[GET] Conexión a DB establecida","timestamp":"2025-01-31 23:04:12"}
{"level":"info","message":"[GET] Conexión a DB establecida","timestamp":"2025-01-31 23:04:12"}
{"level":"info","message":"[GET] Conexión a DB establecida","timestamp":"2025-01-31 23:04:12"}
{"level":"info","message":"[GET] Usuario encontrado: diegoariel.morales@gmail.com","timestamp":"2025-01-31 23:04:12"}
{"level":"info","message":"[GET] Usuario encontrado: diegoariel.morales@gmail.com","timestamp":"2025-01-31 23:04:12"}
{"level":"info","message":"[GET] Usuario encontrado: diegoariel.morales@gmail.com","timestamp":"2025-01-31 23:04:12"}
{"level":"info","message":"Planillas recuperadas para el usuario 6747d9e276271e6ad56251cc","timestamp":"2025-01-31 23:04:12"}
{"level":"info","message":"[GET] Conexión a DB establecida","timestamp":"2025-01-31 23:04:12"}
{"level":"info","message":"[GET] Usuario encontrado: diegoariel.morales@gmail.com","timestamp":"2025-01-31 23:04:12"}
{"level":"info","message":"Planillas recuperadas para el usuario 6747d9e276271e6ad56251cc","timestamp":"2025-01-31 23:05:01"}
{"level":"info","message":"Planillas recuperadas para el usuario 6747d9e276271e6ad56251cc","timestamp":"2025-01-31 23:05:01"}
{"level":"info","message":"[GET] Conexión a DB establecida","timestamp":"2025-01-31 23:05:01"}
{"level":"info","message":"[GET] Usuario encontrado: diegoariel.morales@gmail.com","timestamp":"2025-01-31 23:05:01"}
{"level":"info","message":"[GET] Conexión a DB establecida","timestamp":"2025-01-31 23:05:01"}
{"level":"info","message":"[GET] Usuario encontrado: diegoariel.morales@gmail.com","timestamp":"2025-01-31 23:05:01"}
{"level":"info","message":"Planillas recuperadas para el usuario 6794d06f7ba9e41ed5eac57c","timestamp":"2025-01-31 23:57:49"}
{"level":"info","message":"Planillas recuperadas para el usuario 6794d06f7ba9e41ed5eac57c","timestamp":"2025-01-31 23:57:49"}
{"level":"info","message":"Planillas recuperadas para el usuario 6794d06f7ba9e41ed5eac57c","timestamp":"2025-02-01 00:01:04"}
{"level":"info","message":"Planillas recuperadas para el usuario 6794d06f7ba9e41ed5eac57c","timestamp":"2025-02-01 00:01:04"}
{"level":"info","message":"Planillas recuperadas para el usuario 6794d06f7ba9e41ed5eac57c","timestamp":"2025-02-01 00:13:44"}
{"level":"info","message":"Planillas recuperadas para el usuario 6794d06f7ba9e41ed5eac57c","timestamp":"2025-02-01 00:13:44"}
{"level":"info","message":"Planillas recuperadas para el usuario 6794d06f7ba9e41ed5eac57c","timestamp":"2025-02-01 00:14:07"}
{"level":"info","message":"Planillas recuperadas para el usuario 6794d06f7ba9e41ed5eac57c","timestamp":"2025-02-01 00:14:07"}
{"level":"info","message":"[GET] Conexión a DB establecida","timestamp":"2025-02-01 22:53:57"}
{"level":"info","message":"[GET] Conexión a DB establecida","timestamp":"2025-02-01 22:53:57"}
{"level":"info","message":"[GET] Recuperados 5 usuarios","timestamp":"2025-02-01 22:53:57"}
{"level":"info","message":"[GET] Recuperados 5 usuarios","timestamp":"2025-02-01 22:53:57"}
{"level":"info","message":"Planillas recuperadas para el usuario 6747d9e276271e6ad56251cc","timestamp":"2025-02-01 22:54:04"}
{"level":"info","message":"Planillas recuperadas para el usuario 6747d9e276271e6ad56251cc","timestamp":"2025-02-01 22:54:04"}
{"level":"info","message":"Planillas recuperadas para el usuario 6747d9e276271e6ad56251cc","timestamp":"2025-02-01 22:54:04"}
{"level":"info","message":"[GET] Conexión a DB establecida","timestamp":"2025-02-01 22:54:04"}
{"level":"info","message":"[GET] Usuario encontrado: diegoariel.morales@gmail.com","timestamp":"2025-02-01 22:54:04"}
{"level":"info","message":"Planillas recuperadas para el usuario 6747d9e276271e6ad56251cc","timestamp":"2025-02-01 22:54:04"}
{"level":"info","message":"[GET] Conexión a DB establecida","timestamp":"2025-02-01 22:54:04"}
{"level":"info","message":"[GET] Conexión a DB establecida","timestamp":"2025-02-01 22:54:04"}
{"level":"info","message":"[GET] Usuario encontrado: diegoariel.morales@gmail.com","timestamp":"2025-02-01 22:54:04"}
{"level":"info","message":"[GET] Usuario encontrado: diegoariel.morales@gmail.com","timestamp":"2025-02-01 22:54:04"}
{"level":"info","message":"[GET] Conexión a DB establecida","timestamp":"2025-02-01 22:54:04"}
{"level":"info","message":"[GET] Usuario encontrado: diegoariel.morales@gmail.com","timestamp":"2025-02-01 22:54:04"}
{"level":"info","message":"Planillas recuperadas para el usuario 6794d06f7ba9e41ed5eac57c","timestamp":"2025-02-01 22:54:06"}
{"level":"info","message":"Planillas recuperadas para el usuario 6794d06f7ba9e41ed5eac57c","timestamp":"2025-02-01 22:54:06"}
{"level":"info","message":"Planillas recuperadas para el usuario 6747d9e276271e6ad56251cc","timestamp":"2025-02-01 22:54:53"}
{"level":"info","message":"Planillas recuperadas para el usuario 6747d9e276271e6ad56251cc","timestamp":"2025-02-01 22:54:53"}
{"level":"info","message":"[GET] Conexión a DB establecida","timestamp":"2025-02-01 22:54:53"}
{"level":"info","message":"[GET] Usuario encontrado: diegoariel.morales@gmail.com","timestamp":"2025-02-01 22:54:53"}
{"level":"info","message":"[GET] Conexión a DB establecida","timestamp":"2025-02-01 22:54:53"}
{"level":"info","message":"[GET] Usuario encontrado: diegoariel.morales@gmail.com","timestamp":"2025-02-01 22:54:53"}
{"level":"info","message":"Planillas recuperadas para el usuario 6794d06f7ba9e41ed5eac57c","timestamp":"2025-02-01 22:55:07"}
{"level":"info","message":"Planillas recuperadas para el usuario 6794d06f7ba9e41ed5eac57c","timestamp":"2025-02-01 22:55:07"}
{"level":"info","message":"Planillas recuperadas para el usuario 6747d9e276271e6ad56251cc","timestamp":"2025-02-01 22:56:55"}
{"level":"info","message":"Planillas recuperadas para el usuario 6747d9e276271e6ad56251cc","timestamp":"2025-02-01 22:56:55"}
{"level":"info","message":"[GET] Conexión a DB establecida","timestamp":"2025-02-01 22:56:55"}
{"level":"info","message":"[GET] Conexión a DB establecida","timestamp":"2025-02-01 22:56:55"}
{"level":"info","message":"[GET] Usuario encontrado: diegoariel.morales@gmail.com","timestamp":"2025-02-01 22:56:55"}
{"level":"info","message":"[GET] Usuario encontrado: diegoariel.morales@gmail.com","timestamp":"2025-02-01 22:56:55"}
{"level":"info","message":"Planilla recuperada con ID: 6794cb0fe2cf98912b34deab","timestamp":"2025-02-01 22:56:56"}
{"level":"info","message":"Planilla recuperada con ID: 6794cb0fe2cf98912b34deab","timestamp":"2025-02-01 22:56:56"}
{"level":"info","message":"Planilla recuperada con ID: 6794cb0fe2cf98912b34deab","timestamp":"2025-02-02 09:30:07"}
{"level":"info","message":"Planilla recuperada con ID: 6794cb0fe2cf98912b34deab","timestamp":"2025-02-02 09:30:07"}
{"level":"info","message":"[GET] Conexión a DB establecida","timestamp":"2025-02-02 09:30:20"}
{"level":"info","message":"[GET] Conexión a DB establecida","timestamp":"2025-02-02 09:30:20"}
{"level":"info","message":"[GET] Recuperados 5 usuarios","timestamp":"2025-02-02 09:30:20"}
{"level":"info","message":"[GET] Recuperados 5 usuarios","timestamp":"2025-02-02 09:30:20"}
{"level":"info","message":"Planillas recuperadas para el usuario 6747d9e276271e6ad56251cc","timestamp":"2025-02-02 09:30:26"}
{"level":"info","message":"Planillas recuperadas para el usuario 6747d9e276271e6ad56251cc","timestamp":"2025-02-02 09:30:26"}
{"level":"info","message":"[GET] Conexión a DB establecida","timestamp":"2025-02-02 09:30:26"}
{"level":"info","message":"[GET] Usuario encontrado: diegoariel.morales@gmail.com","timestamp":"2025-02-02 09:30:26"}
{"level":"info","message":"Planillas recuperadas para el usuario 6747d9e276271e6ad56251cc","timestamp":"2025-02-02 09:30:26"}
{"level":"info","message":"[GET] Conexión a DB establecida","timestamp":"2025-02-02 09:30:26"}
{"level":"info","message":"[GET] Usuario encontrado: diegoariel.morales@gmail.com","timestamp":"2025-02-02 09:30:26"}
{"level":"info","message":"Planillas recuperadas para el usuario 6747d9e276271e6ad56251cc","timestamp":"2025-02-02 09:30:26"}
{"level":"info","message":"[GET] Conexión a DB establecida","timestamp":"2025-02-02 09:30:26"}
{"level":"info","message":"[GET] Usuario encontrado: diegoariel.morales@gmail.com","timestamp":"2025-02-02 09:30:26"}
{"level":"info","message":"[GET] Conexión a DB establecida","timestamp":"2025-02-02 09:30:26"}
{"level":"info","message":"[GET] Usuario encontrado: diegoariel.morales@gmail.com","timestamp":"2025-02-02 09:30:26"}
{"level":"info","message":"Planilla recuperada con ID: 6794d06f7ba9e41ed5eac57c","timestamp":"2025-02-02 09:30:28"}
{"level":"info","message":"Planilla recuperada con ID: 6794d06f7ba9e41ed5eac57c","timestamp":"2025-02-02 09:30:28"}
{"level":"info","message":"Planilla recuperada con ID: 6794d06f7ba9e41ed5eac57c","timestamp":"2025-02-02 09:33:59"}
{"level":"info","message":"Planilla recuperada con ID: 6794d06f7ba9e41ed5eac57c","timestamp":"2025-02-02 09:33:59"}
{"level":"info","message":"Planilla recuperada con ID: 6794d06f7ba9e41ed5eac57c","timestamp":"2025-02-02 09:49:33"}
{"level":"info","message":"Planilla recuperada con ID: 6794d06f7ba9e41ed5eac57c","timestamp":"2025-02-02 09:49:33"}
{"level":"info","message":"Planillas recuperadas para el usuario 6747d9e276271e6ad56251cc","timestamp":"2025-02-02 09:55:42"}
{"level":"info","message":"Planillas recuperadas para el usuario 6747d9e276271e6ad56251cc","timestamp":"2025-02-02 09:55:42"}
{"level":"info","message":"[GET] Conexión a DB establecida","timestamp":"2025-02-02 09:55:42"}
{"level":"info","message":"[GET] Conexión a DB establecida","timestamp":"2025-02-02 09:55:42"}
{"level":"info","message":"[GET] Usuario encontrado: diegoariel.morales@gmail.com","timestamp":"2025-02-02 09:55:42"}
{"level":"info","message":"[GET] Usuario encontrado: diegoariel.morales@gmail.com","timestamp":"2025-02-02 09:55:42"}
{"level":"info","message":"Planillas recuperadas para el usuario 6747d9e276271e6ad56251cc","timestamp":"2025-02-02 09:56:33"}
{"level":"info","message":"[GET] Conexión a DB establecida","timestamp":"2025-02-02 09:56:33"}
{"level":"info","message":"[GET] Usuario encontrado: diegoariel.morales@gmail.com","timestamp":"2025-02-02 09:56:33"}
{"level":"info","message":"Planillas recuperadas para el usuario 6747d9e276271e6ad56251cc","timestamp":"2025-02-02 09:58:30"}
{"level":"info","message":"[GET] Conexión a DB establecida","timestamp":"2025-02-02 09:58:30"}
{"level":"info","message":"[GET] Usuario encontrado: diegoariel.morales@gmail.com","timestamp":"2025-02-02 09:58:30"}
{"level":"info","message":"Planillas recuperadas para el usuario 6747d9e276271e6ad56251cc","timestamp":"2025-02-02 09:58:32"}
{"level":"info","message":"[GET] Conexión a DB establecida","timestamp":"2025-02-02 09:58:32"}
{"level":"info","message":"[GET] Usuario encontrado: diegoariel.morales@gmail.com","timestamp":"2025-02-02 09:58:32"}
{"level":"info","message":"Planillas recuperadas para el usuario 6747d9e276271e6ad56251cc","timestamp":"2025-02-02 10:00:13"}
{"level":"info","message":"[GET] Conexión a DB establecida","timestamp":"2025-02-02 10:00:13"}
{"level":"info","message":"[GET] Usuario encontrado: diegoariel.morales@gmail.com","timestamp":"2025-02-02 10:00:13"}
{"level":"info","message":"Planillas recuperadas para el usuario 6747d9e276271e6ad56251cc","timestamp":"2025-02-02 10:00:26"}
{"level":"info","message":"[GET] Conexión a DB establecida","timestamp":"2025-02-02 10:00:27"}
{"level":"info","message":"[GET] Usuario encontrado: diegoariel.morales@gmail.com","timestamp":"2025-02-02 10:00:27"}
{"level":"info","message":"Planilla recuperada con ID: 6794d06f7ba9e41ed5eac57c","timestamp":"2025-02-02 10:00:28"}
{"level":"info","message":"Planilla recuperada con ID: 6794d06f7ba9e41ed5eac57c","timestamp":"2025-02-02 10:00:28"}
{"level":"info","message":"Planilla recuperada con ID: 6794d06f7ba9e41ed5eac57c","timestamp":"2025-02-02 10:11:58"}
{"level":"info","message":"Planilla recuperada con ID: 6794d06f7ba9e41ed5eac57c","timestamp":"2025-02-02 10:11:58"}
{"level":"info","message":"Planilla recuperada con ID: 6794d06f7ba9e41ed5eac57c","timestamp":"2025-02-02 10:12:06"}
{"level":"info","message":"Planilla recuperada con ID: 6794d06f7ba9e41ed5eac57c","timestamp":"2025-02-02 10:12:06"}
{"level":"info","message":"Planilla recuperada con ID: 6794d06f7ba9e41ed5eac57c","timestamp":"2025-02-02 10:20:59"}
{"level":"info","message":"Planilla recuperada con ID: 6794d06f7ba9e41ed5eac57c","timestamp":"2025-02-02 10:20:59"}
{"level":"info","message":"Planilla recuperada con ID: 6794d06f7ba9e41ed5eac57c","timestamp":"2025-02-02 10:21:07"}
{"level":"info","message":"Planilla recuperada con ID: 6794d06f7ba9e41ed5eac57c","timestamp":"2025-02-02 10:21:07"}
{"level":"info","message":"Planilla recuperada con ID: 6794d06f7ba9e41ed5eac57c","timestamp":"2025-02-02 10:22:24"}
{"level":"info","message":"Planilla recuperada con ID: 6794d06f7ba9e41ed5eac57c","timestamp":"2025-02-02 10:22:24"}
{"level":"info","message":"Planilla recuperada con ID: 6794d06f7ba9e41ed5eac57c","timestamp":"2025-02-02 10:29:52"}
{"level":"info","message":"Planilla recuperada con ID: 6794d06f7ba9e41ed5eac57c","timestamp":"2025-02-02 10:29:52"}
{"level":"info","message":"Planilla recuperada con ID: 6794d06f7ba9e41ed5eac57c","timestamp":"2025-02-02 10:30:09"}
{"level":"info","message":"Planilla recuperada con ID: 6794d06f7ba9e41ed5eac57c","timestamp":"2025-02-02 10:30:10"}
{"level":"info","message":"Planilla recuperada con ID: 6794d06f7ba9e41ed5eac57c","timestamp":"2025-02-02 10:32:33"}
{"level":"info","message":"Planilla recuperada con ID: 6794d06f7ba9e41ed5eac57c","timestamp":"2025-02-02 10:32:33"}
{"level":"info","message":"Planilla recuperada con ID: 6794d06f7ba9e41ed5eac57c","timestamp":"2025-02-02 10:33:18"}
{"level":"info","message":"Planilla recuperada con ID: 6794d06f7ba9e41ed5eac57c","timestamp":"2025-02-02 10:33:18"}
{"level":"info","message":"Planilla recuperada con ID: 6794d06f7ba9e41ed5eac57c","timestamp":"2025-02-02 15:32:44"}
{"level":"info","message":"Planilla recuperada con ID: 6794d06f7ba9e41ed5eac57c","timestamp":"2025-02-02 15:32:44"}
{"level":"info","message":"Planilla recuperada con ID: 6794d06f7ba9e41ed5eac57c","timestamp":"2025-02-02 15:37:57"}
{"level":"info","message":"Planilla recuperada con ID: 6794d06f7ba9e41ed5eac57c","timestamp":"2025-02-02 15:37:57"}
{"level":"info","message":"Planilla recuperada con ID: 6794d06f7ba9e41ed5eac57c","timestamp":"2025-02-02 15:38:19"}
{"level":"info","message":"Planilla recuperada con ID: 6794d06f7ba9e41ed5eac57c","timestamp":"2025-02-02 15:38:19"}
{"level":"info","message":"Planilla recuperada con ID: 6794d06f7ba9e41ed5eac57c","timestamp":"2025-02-02 15:38:37"}
{"level":"info","message":"Planilla recuperada con ID: 6794d06f7ba9e41ed5eac57c","timestamp":"2025-02-02 15:38:37"}
{"level":"info","message":"Planilla recuperada con ID: 6794d06f7ba9e41ed5eac57c","timestamp":"2025-02-02 15:46:57"}
{"level":"info","message":"Planilla recuperada con ID: 6794d06f7ba9e41ed5eac57c","timestamp":"2025-02-02 15:46:57"}
{"level":"info","message":"Planilla recuperada con ID: 6794d06f7ba9e41ed5eac57c","timestamp":"2025-02-02 15:47:23"}
{"level":"info","message":"Planilla recuperada con ID: 6794d06f7ba9e41ed5eac57c","timestamp":"2025-02-02 15:47:23"}
{"level":"info","message":"Planilla recuperada con ID: 6794d06f7ba9e41ed5eac57c","timestamp":"2025-02-02 15:52:51"}
{"level":"info","message":"Planilla recuperada con ID: 6794d06f7ba9e41ed5eac57c","timestamp":"2025-02-02 15:52:51"}
{"level":"info","message":"Planilla recuperada con ID: 6794d06f7ba9e41ed5eac57c","timestamp":"2025-02-02 15:57:19"}
{"level":"info","message":"Planilla recuperada con ID: 6794d06f7ba9e41ed5eac57c","timestamp":"2025-02-02 15:57:19"}
{"level":"info","message":"[GET] Conexión a DB establecida","timestamp":"2025-02-05 22:20:15"}
{"level":"info","message":"[GET] Conexión a DB establecida","timestamp":"2025-02-05 22:20:15"}
{"level":"info","message":"[GET] Recuperados 5 usuarios","timestamp":"2025-02-05 22:20:15"}
{"level":"info","message":"[GET] Recuperados 5 usuarios","timestamp":"2025-02-05 22:20:15"}
{"level":"info","message":"Planillas recuperadas para el usuario 6747cf2076271e6ad56251b9","timestamp":"2025-02-05 22:20:24"}
{"level":"info","message":"Planillas recuperadas para el usuario 6747cf2076271e6ad56251b9","timestamp":"2025-02-05 22:20:24"}
{"level":"info","message":"Planillas recuperadas para el usuario 6747cf2076271e6ad56251b9","timestamp":"2025-02-05 22:20:24"}
{"level":"info","message":"Planillas recuperadas para el usuario 6747cf2076271e6ad56251b9","timestamp":"2025-02-05 22:20:24"}
{"level":"info","message":"[GET] Conexión a DB establecida","timestamp":"2025-02-05 22:20:24"}
{"level":"info","message":"[GET] Usuario encontrado: pepe@otro.com","timestamp":"2025-02-05 22:20:24"}
{"level":"info","message":"[GET] Conexión a DB establecida","timestamp":"2025-02-05 22:20:24"}
{"level":"info","message":"[GET] Usuario encontrado: pepe@otro.com","timestamp":"2025-02-05 22:20:24"}
{"level":"info","message":"[GET] Conexión a DB establecida","timestamp":"2025-02-05 22:20:24"}
{"level":"info","message":"[GET] Usuario encontrado: pepe@otro.com","timestamp":"2025-02-05 22:20:24"}
{"level":"info","message":"[GET] Conexión a DB establecida","timestamp":"2025-02-05 22:20:24"}
{"level":"info","message":"[GET] Usuario encontrado: pepe@otro.com","timestamp":"2025-02-05 22:20:24"}
{"level":"info","message":"Planilla recuperada con ID: 67782516dc90a31c14dce4d1","timestamp":"2025-02-05 22:20:26"}
{"level":"info","message":"Planilla recuperada con ID: 67782516dc90a31c14dce4d1","timestamp":"2025-02-05 22:20:26"}
{"level":"info","message":"[GET] Conexión a DB establecida","timestamp":"2025-02-05 22:21:01"}
{"level":"info","message":"[GET] Recuperados 5 usuarios","timestamp":"2025-02-05 22:21:01"}
{"level":"info","message":"[GET] Conexión a DB establecida","timestamp":"2025-02-05 22:21:02"}
{"level":"info","message":"[GET] Recuperados 5 usuarios","timestamp":"2025-02-05 22:21:02"}
{"level":"info","message":"Planillas recuperadas para el usuario 6747cf2076271e6ad56251b9","timestamp":"2025-02-05 22:40:03"}
{"level":"info","message":"Planillas recuperadas para el usuario 6747cf2076271e6ad56251b9","timestamp":"2025-02-05 22:40:03"}
{"level":"info","message":"[GET] Conexión a DB establecida","timestamp":"2025-02-05 22:40:03"}
{"level":"info","message":"[GET] Conexión a DB establecida","timestamp":"2025-02-05 22:40:03"}
{"level":"info","message":"[GET] Usuario encontrado: pepe@otro.com","timestamp":"2025-02-05 22:40:03"}
{"level":"info","message":"[GET] Usuario encontrado: pepe@otro.com","timestamp":"2025-02-05 22:40:03"}
{"level":"info","message":"[GET] Conexión a DB establecida","timestamp":"2025-02-05 22:40:05"}
{"level":"info","message":"[GET] Recuperados 5 usuarios","timestamp":"2025-02-05 22:40:05"}
{"level":"info","message":"[GET] Conexión a DB establecida","timestamp":"2025-02-05 22:40:05"}
{"level":"info","message":"[GET] Recuperados 5 usuarios","timestamp":"2025-02-05 22:40:05"}
{"level":"info","message":"Planillas recuperadas para el usuario 6747d9e276271e6ad56251cc","timestamp":"2025-02-05 22:40:09"}
{"level":"info","message":"Planillas recuperadas para el usuario 6747d9e276271e6ad56251cc","timestamp":"2025-02-05 22:40:09"}
{"level":"info","message":"Planillas recuperadas para el usuario 6747d9e276271e6ad56251cc","timestamp":"2025-02-05 22:40:09"}
{"level":"info","message":"[GET] Conexión a DB establecida","timestamp":"2025-02-05 22:40:09"}
{"level":"info","message":"[GET] Usuario encontrado: diegoariel.morales@gmail.com","timestamp":"2025-02-05 22:40:09"}
{"level":"info","message":"Planillas recuperadas para el usuario 6747d9e276271e6ad56251cc","timestamp":"2025-02-05 22:40:09"}
{"level":"info","message":"[GET] Conexión a DB establecida","timestamp":"2025-02-05 22:40:10"}
{"level":"info","message":"[GET] Conexión a DB establecida","timestamp":"2025-02-05 22:40:10"}
{"level":"info","message":"[GET] Usuario encontrado: diegoariel.morales@gmail.com","timestamp":"2025-02-05 22:40:10"}
{"level":"info","message":"[GET] Usuario encontrado: diegoariel.morales@gmail.com","timestamp":"2025-02-05 22:40:10"}
{"level":"info","message":"[GET] Conexión a DB establecida","timestamp":"2025-02-05 22:40:10"}
{"level":"info","message":"[GET] Usuario encontrado: diegoariel.morales@gmail.com","timestamp":"2025-02-05 22:40:10"}
{"level":"info","message":"Planilla recuperada con ID: 6794d06f7ba9e41ed5eac57c","timestamp":"2025-02-05 22:40:11"}
{"level":"info","message":"Planilla recuperada con ID: 6794d06f7ba9e41ed5eac57c","timestamp":"2025-02-05 22:40:11"}
{"level":"info","message":"Planilla recuperada con ID: 6794d06f7ba9e41ed5eac57c","timestamp":"2025-02-05 22:57:33"}
{"level":"info","message":"Planilla recuperada con ID: 6794d06f7ba9e41ed5eac57c","timestamp":"2025-02-05 22:57:33"}
{"level":"info","message":"[GET] Conexión a DB establecida","timestamp":"2025-02-07 23:51:24"}
{"level":"info","message":"[GET] Recuperados 5 usuarios","timestamp":"2025-02-07 23:51:24"}
{"level":"info","message":"[GET] Conexión a DB establecida","timestamp":"2025-02-07 23:51:24"}
{"level":"info","message":"[GET] Recuperados 5 usuarios","timestamp":"2025-02-07 23:51:24"}
{"level":"info","message":"Planillas recuperadas para el usuario 6747d9e276271e6ad56251cc","timestamp":"2025-02-07 23:51:48"}
{"level":"info","message":"Planillas recuperadas para el usuario 6747d9e276271e6ad56251cc","timestamp":"2025-02-07 23:51:48"}
{"level":"info","message":"Planillas recuperadas para el usuario 6747d9e276271e6ad56251cc","timestamp":"2025-02-07 23:51:48"}
{"level":"info","message":"Planillas recuperadas para el usuario 6747d9e276271e6ad56251cc","timestamp":"2025-02-07 23:51:48"}
{"level":"info","message":"[GET] Conexión a DB establecida","timestamp":"2025-02-07 23:51:48"}
{"level":"info","message":"[GET] Usuario encontrado: diegoariel.morales@gmail.com","timestamp":"2025-02-07 23:51:48"}
{"level":"info","message":"[GET] Conexión a DB establecida","timestamp":"2025-02-07 23:51:48"}
{"level":"info","message":"[GET] Usuario encontrado: diegoariel.morales@gmail.com","timestamp":"2025-02-07 23:51:48"}
{"level":"info","message":"[GET] Conexión a DB establecida","timestamp":"2025-02-07 23:51:48"}
{"level":"info","message":"[GET] Usuario encontrado: diegoariel.morales@gmail.com","timestamp":"2025-02-07 23:51:48"}
{"level":"info","message":"[GET] Conexión a DB establecida","timestamp":"2025-02-07 23:51:48"}
{"level":"info","message":"[GET] Usuario encontrado: diegoariel.morales@gmail.com","timestamp":"2025-02-07 23:51:48"}
{"level":"info","message":"Planilla recuperada con ID: 67a5010f40a1139113d77270","timestamp":"2025-02-07 23:51:50"}
{"level":"info","message":"Planilla recuperada con ID: 67a5010f40a1139113d77270","timestamp":"2025-02-07 23:51:50"}
{"level":"info","message":"Planillas recuperadas para el usuario 6747d9e276271e6ad56251cc","timestamp":"2025-02-07 23:52:09"}
{"level":"info","message":"Planillas recuperadas para el usuario 6747d9e276271e6ad56251cc","timestamp":"2025-02-07 23:52:09"}
{"level":"info","message":"[GET] Conexión a DB establecida","timestamp":"2025-02-07 23:52:09"}
{"level":"info","message":"[GET] Usuario encontrado: diegoariel.morales@gmail.com","timestamp":"2025-02-07 23:52:09"}
{"level":"info","message":"[GET] Conexión a DB establecida","timestamp":"2025-02-07 23:52:09"}
{"level":"info","message":"[GET] Usuario encontrado: diegoariel.morales@gmail.com","timestamp":"2025-02-07 23:52:09"}
{"level":"info","message":"Planilla recuperada con ID: 6794d06f7ba9e41ed5eac57c","timestamp":"2025-02-07 23:52:15"}
{"level":"info","message":"Planilla recuperada con ID: 6794d06f7ba9e41ed5eac57c","timestamp":"2025-02-07 23:52:15"}
{"level":"info","message":"Planilla recuperada con ID: 6794d06f7ba9e41ed5eac57c","timestamp":"2025-02-08 08:42:18"}
{"level":"info","message":"Planilla recuperada con ID: 6794d06f7ba9e41ed5eac57c","timestamp":"2025-02-08 08:42:18"}
{"level":"info","message":"Planilla recuperada con ID: 6794d06f7ba9e41ed5eac57c","timestamp":"2025-02-08 08:57:46"}
{"level":"info","message":"Planilla recuperada con ID: 6794d06f7ba9e41ed5eac57c","timestamp":"2025-02-08 08:57:46"}
{"level":"info","message":"Planilla recuperada con ID: 6794d06f7ba9e41ed5eac57c","timestamp":"2025-02-08 08:59:01"}
{"level":"info","message":"Planilla recuperada con ID: 6794d06f7ba9e41ed5eac57c","timestamp":"2025-02-08 08:59:01"}
{"level":"info","message":"Planilla recuperada con ID: 6794d06f7ba9e41ed5eac57c","timestamp":"2025-02-08 09:00:53"}
{"level":"info","message":"Planilla recuperada con ID: 6794d06f7ba9e41ed5eac57c","timestamp":"2025-02-08 09:00:53"}
{"level":"info","message":"Planilla recuperada con ID: 6794d06f7ba9e41ed5eac57c","timestamp":"2025-02-08 09:01:01"}
{"level":"info","message":"Planilla recuperada con ID: 6794d06f7ba9e41ed5eac57c","timestamp":"2025-02-08 09:01:01"}
{"level":"info","message":"Planilla recuperada con ID: 6794d06f7ba9e41ed5eac57c","timestamp":"2025-02-08 09:18:36"}
{"level":"info","message":"Planilla recuperada con ID: 6794d06f7ba9e41ed5eac57c","timestamp":"2025-02-08 09:18:36"}
{"level":"info","message":"Planilla recuperada con ID: 6794d06f7ba9e41ed5eac57c","timestamp":"2025-02-08 09:19:44"}
{"level":"info","message":"Planilla recuperada con ID: 6794d06f7ba9e41ed5eac57c","timestamp":"2025-02-08 09:19:44"}
{"level":"info","message":"Planilla recuperada con ID: 6794d06f7ba9e41ed5eac57c","timestamp":"2025-02-08 14:38:15"}
{"level":"info","message":"Planilla recuperada con ID: 6794d06f7ba9e41ed5eac57c","timestamp":"2025-02-08 14:38:15"}
{"level":"info","message":"Planilla recuperada con ID: 6794d06f7ba9e41ed5eac57c","timestamp":"2025-02-08 15:01:54"}
{"level":"info","message":"Planilla recuperada con ID: 6794d06f7ba9e41ed5eac57c","timestamp":"2025-02-08 15:01:54"}
{"level":"info","message":"Planilla recuperada con ID: 6794d06f7ba9e41ed5eac57c","timestamp":"2025-02-08 15:04:58"}
{"level":"info","message":"Planilla recuperada con ID: 6794d06f7ba9e41ed5eac57c","timestamp":"2025-02-08 15:04:58"}
{"level":"info","message":"Planilla recuperada con ID: 6794d06f7ba9e41ed5eac57c","timestamp":"2025-02-08 15:06:39"}
{"level":"info","message":"Planilla recuperada con ID: 6794d06f7ba9e41ed5eac57c","timestamp":"2025-02-08 15:06:39"}
{"level":"info","message":"Planilla recuperada con ID: 6794d06f7ba9e41ed5eac57c","timestamp":"2025-02-08 15:09:25"}
{"level":"info","message":"Planilla recuperada con ID: 6794d06f7ba9e41ed5eac57c","timestamp":"2025-02-08 15:09:25"}
{"level":"info","message":"Planilla recuperada con ID: 6794d06f7ba9e41ed5eac57c","timestamp":"2025-02-08 15:14:52"}
{"level":"info","message":"Planilla recuperada con ID: 6794d06f7ba9e41ed5eac57c","timestamp":"2025-02-08 15:14:52"}
{"level":"info","message":"Planilla recuperada con ID: 6794d06f7ba9e41ed5eac57c","timestamp":"2025-02-08 15:16:40"}
{"level":"info","message":"Planilla recuperada con ID: 6794d06f7ba9e41ed5eac57c","timestamp":"2025-02-08 15:16:40"}
{"level":"info","message":"Planilla recuperada con ID: 6794d06f7ba9e41ed5eac57c","timestamp":"2025-02-08 15:17:36"}
{"level":"info","message":"Planilla recuperada con ID: 6794d06f7ba9e41ed5eac57c","timestamp":"2025-02-08 15:17:36"}
{"level":"info","message":"Planilla recuperada con ID: 6794d06f7ba9e41ed5eac57c","timestamp":"2025-02-08 15:35:19"}
{"level":"info","message":"Planilla recuperada con ID: 6794d06f7ba9e41ed5eac57c","timestamp":"2025-02-08 15:35:19"}
{"level":"info","message":"Planilla recuperada con ID: 6794d06f7ba9e41ed5eac57c","timestamp":"2025-02-08 15:50:38"}
{"level":"info","message":"Planilla recuperada con ID: 6794d06f7ba9e41ed5eac57c","timestamp":"2025-02-08 15:50:38"}
{"level":"info","message":"Planilla recuperada con ID: 6794d06f7ba9e41ed5eac57c","timestamp":"2025-02-08 15:53:38"}
{"level":"info","message":"Planilla recuperada con ID: 6794d06f7ba9e41ed5eac57c","timestamp":"2025-02-08 15:53:38"}
{"level":"info","message":"Planilla recuperada con ID: 6794d06f7ba9e41ed5eac57c","timestamp":"2025-02-08 16:00:27"}
{"level":"info","message":"Planilla recuperada con ID: 6794d06f7ba9e41ed5eac57c","timestamp":"2025-02-08 16:00:27"}
{"level":"info","message":"Planilla recuperada con ID: 6794d06f7ba9e41ed5eac57c","timestamp":"2025-02-08 16:14:08"}
{"level":"info","message":"Planilla recuperada con ID: 6794d06f7ba9e41ed5eac57c","timestamp":"2025-02-08 16:14:08"}
{"level":"info","message":"Planilla recuperada con ID: 6794d06f7ba9e41ed5eac57c","timestamp":"2025-02-08 16:14:27"}
{"level":"info","message":"Planilla recuperada con ID: 6794d06f7ba9e41ed5eac57c","timestamp":"2025-02-08 16:14:27"}
{"level":"info","message":"Planilla recuperada con ID: 6794d06f7ba9e41ed5eac57c","timestamp":"2025-02-08 16:16:27"}
{"level":"info","message":"Planilla recuperada con ID: 6794d06f7ba9e41ed5eac57c","timestamp":"2025-02-08 16:16:27"}
{"level":"info","message":"Planilla recuperada con ID: 6794d06f7ba9e41ed5eac57c","timestamp":"2025-02-08 16:16:30"}
{"level":"info","message":"Planilla recuperada con ID: 6794d06f7ba9e41ed5eac57c","timestamp":"2025-02-08 16:16:30"}
{"level":"info","message":"Planilla recuperada con ID: 6794d06f7ba9e41ed5eac57c","timestamp":"2025-02-08 16:16:59"}
{"level":"info","message":"Planilla recuperada con ID: 6794d06f7ba9e41ed5eac57c","timestamp":"2025-02-08 16:17:00"}
{"level":"info","message":"Planilla recuperada con ID: 6794d06f7ba9e41ed5eac57c","timestamp":"2025-02-08 16:17:17"}
{"level":"info","message":"Planilla recuperada con ID: 6794d06f7ba9e41ed5eac57c","timestamp":"2025-02-08 16:17:17"}
{"level":"info","message":"Planilla recuperada con ID: 6794d06f7ba9e41ed5eac57c","timestamp":"2025-02-08 16:23:06"}
{"level":"info","message":"Planilla recuperada con ID: 6794d06f7ba9e41ed5eac57c","timestamp":"2025-02-08 16:23:06"}
{"level":"info","message":"Planilla actualizada exitosamente: 6794d06f7ba9e41ed5eac57c","timestamp":"2025-02-08 16:31:59"}
{"level":"info","message":"Planillas recuperadas para el usuario 6747d9e276271e6ad56251cc","timestamp":"2025-02-08 16:35:45"}
{"level":"info","message":"Planillas recuperadas para el usuario 6747d9e276271e6ad56251cc","timestamp":"2025-02-08 16:35:45"}
{"level":"info","message":"Planilla recuperada con ID: 6794d06f7ba9e41ed5eac57c","timestamp":"2025-02-08 16:36:42"}
{"level":"info","message":"Planilla recuperada con ID: 6794d06f7ba9e41ed5eac57c","timestamp":"2025-02-08 16:36:42"}
{"level":"info","message":"Planilla actualizada exitosamente: 6794d06f7ba9e41ed5eac57c","timestamp":"2025-02-08 16:37:35"}
{"level":"info","message":"Planillas recuperadas para el usuario 6747d9e276271e6ad56251cc","timestamp":"2025-02-08 16:37:42"}
{"level":"info","message":"Planillas recuperadas para el usuario 6747d9e276271e6ad56251cc","timestamp":"2025-02-08 16:37:42"}
{"level":"info","message":"Planillas recuperadas para el usuario 6747d9e276271e6ad56251cc","timestamp":"2025-02-08 16:41:42"}
{"level":"info","message":"Planillas recuperadas para el usuario 6747d9e276271e6ad56251cc","timestamp":"2025-02-08 16:41:48"}
{"level":"info","message":"Planillas recuperadas para el usuario 6747d9e276271e6ad56251cc","timestamp":"2025-02-08 16:43:20"}
{"level":"info","message":"Planillas recuperadas para el usuario 6747d9e276271e6ad56251cc","timestamp":"2025-02-08 16:43:53"}
{"level":"info","message":"Planilla recuperada con ID: 6794d06f7ba9e41ed5eac57c","timestamp":"2025-02-08 16:43:58"}
{"level":"info","message":"Planilla recuperada con ID: 6794d06f7ba9e41ed5eac57c","timestamp":"2025-02-08 16:43:59"}
{"level":"info","message":"Planilla actualizada exitosamente: 6794d06f7ba9e41ed5eac57c","timestamp":"2025-02-08 16:44:27"}
{"level":"info","message":"Planilla recuperada con ID: 6794d06f7ba9e41ed5eac57c","timestamp":"2025-02-08 16:46:25"}
{"level":"info","message":"Planilla recuperada con ID: 6794d06f7ba9e41ed5eac57c","timestamp":"2025-02-08 16:46:25"}
{"level":"info","message":"Planilla recuperada con ID: 6794d06f7ba9e41ed5eac57c","timestamp":"2025-02-08 16:51:36"}
{"level":"info","message":"Planilla recuperada con ID: 6794d06f7ba9e41ed5eac57c","timestamp":"2025-02-08 16:51:36"}
{"level":"info","message":"Planilla recuperada con ID: 6794d06f7ba9e41ed5eac57c","timestamp":"2025-02-09 01:24:01"}
{"level":"info","message":"Planilla recuperada con ID: 6794d06f7ba9e41ed5eac57c","timestamp":"2025-02-09 01:24:01"}
{"level":"info","message":"Planilla recuperada con ID: 6794d06f7ba9e41ed5eac57c","timestamp":"2025-02-09 01:24:13"}
{"level":"info","message":"Planilla recuperada con ID: 6794d06f7ba9e41ed5eac57c","timestamp":"2025-02-09 01:24:13"}
{"level":"info","message":"Planillas recuperadas para el usuario 6747d9e276271e6ad56251cc","timestamp":"2025-02-09 01:24:21"}
{"level":"info","message":"Planillas recuperadas para el usuario 6747d9e276271e6ad56251cc","timestamp":"2025-02-09 01:24:21"}
{"level":"info","message":"Planilla recuperada con ID: 6794cb0fe2cf98912b34deab","timestamp":"2025-02-09 01:24:29"}
{"level":"info","message":"Planilla recuperada con ID: 6794cb0fe2cf98912b34deab","timestamp":"2025-02-09 01:24:29"}
{"level":"info","message":"Planilla actualizada exitosamente: 6794cb0fe2cf98912b34deab","timestamp":"2025-02-09 01:25:18"}
{"level":"info","message":"Planillas recuperadas para el usuario 6747d9e276271e6ad56251cc","timestamp":"2025-02-09 01:25:27"}
{"level":"info","message":"Planillas recuperadas para el usuario 6747d9e276271e6ad56251cc","timestamp":"2025-02-09 01:25:27"}
{"level":"info","message":"Planilla recuperada con ID: 6794d06f7ba9e41ed5eac57c","timestamp":"2025-02-09 01:27:43"}
{"level":"info","message":"Planilla recuperada con ID: 6794d06f7ba9e41ed5eac57c","timestamp":"2025-02-09 01:27:43"}
{"level":"info","message":"Planilla actualizada exitosamente: 6794d06f7ba9e41ed5eac57c","timestamp":"2025-02-09 01:28:12"}
{"level":"info","message":"[GET] Conexión a DB establecida","timestamp":"2025-02-09 01:28:19"}
{"level":"info","message":"[GET] Conexión a DB establecida","timestamp":"2025-02-09 01:28:19"}
{"level":"info","message":"[GET] Recuperados 5 usuarios","timestamp":"2025-02-09 01:28:19"}
{"level":"info","message":"[GET] Recuperados 5 usuarios","timestamp":"2025-02-09 01:28:19"}
{"level":"info","message":"Planillas recuperadas para el usuario 6747d9e276271e6ad56251cc","timestamp":"2025-02-09 01:28:25"}
{"level":"info","message":"Planillas recuperadas para el usuario 6747d9e276271e6ad56251cc","timestamp":"2025-02-09 01:28:25"}
{"level":"info","message":"Planilla recuperada con ID: 6794ca63e2cf98912b34de1f","timestamp":"2025-02-09 01:28:57"}
{"level":"info","message":"Planilla recuperada con ID: 6794ca63e2cf98912b34de1f","timestamp":"2025-02-09 01:28:57"}
{"level":"info","message":"Planilla actualizada exitosamente: 6794ca63e2cf98912b34de1f","timestamp":"2025-02-09 01:29:06"}
{"level":"info","message":"[GET] Conexión a DB establecida","timestamp":"2025-02-09 01:29:14"}
{"level":"info","message":"[GET] Recuperados 5 usuarios","timestamp":"2025-02-09 01:29:14"}
{"level":"info","message":"[GET] Conexión a DB establecida","timestamp":"2025-02-09 01:29:14"}
{"level":"info","message":"[GET] Recuperados 5 usuarios","timestamp":"2025-02-09 01:29:14"}
{"level":"info","message":"Planillas recuperadas para el usuario 6747d9e276271e6ad56251cc","timestamp":"2025-02-09 01:29:17"}
{"level":"info","message":"Planillas recuperadas para el usuario 6747d9e276271e6ad56251cc","timestamp":"2025-02-09 01:29:17"}
{"level":"info","message":"Planillas recuperadas para el usuario 6747d9e276271e6ad56251cc","timestamp":"2025-02-09 01:31:26"}
{"level":"info","message":"Planilla recuperada con ID: 6794ca63e2cf98912b34de1f","timestamp":"2025-02-09 01:31:32"}
{"level":"info","message":"Planilla recuperada con ID: 6794ca63e2cf98912b34de1f","timestamp":"2025-02-09 01:31:32"}
{"level":"info","message":"Planilla actualizada exitosamente: 6794ca63e2cf98912b34de1f","timestamp":"2025-02-09 01:36:04"}
{"level":"info","message":"Planillas recuperadas para el usuario 6747d9e276271e6ad56251cc","timestamp":"2025-02-09 01:36:11"}
{"level":"info","message":"Planillas recuperadas para el usuario 6747d9e276271e6ad56251cc","timestamp":"2025-02-09 01:36:11"}
{"level":"info","message":"Planillas recuperadas para el usuario 6747d9e276271e6ad56251cc","timestamp":"2025-02-09 01:38:18"}
{"level":"info","message":"Planilla recuperada con ID: 6794ca63e2cf98912b34de1f","timestamp":"2025-02-09 01:38:45"}
{"level":"info","message":"Planilla recuperada con ID: 6794ca63e2cf98912b34de1f","timestamp":"2025-02-09 01:38:45"}
{"level":"info","message":"Planilla actualizada exitosamente: 6794ca63e2cf98912b34de1f","timestamp":"2025-02-09 01:38:54"}
{"level":"info","message":"Planillas recuperadas para el usuario 6747d9e276271e6ad56251cc","timestamp":"2025-02-09 01:38:58"}
{"level":"info","message":"Planillas recuperadas para el usuario 6747d9e276271e6ad56251cc","timestamp":"2025-02-09 01:38:58"}
{"level":"info","message":"Planillas recuperadas para el usuario 6747d9e276271e6ad56251cc","timestamp":"2025-02-09 01:39:03"}
{"level":"info","message":"Planillas recuperadas para el usuario 6747d9e276271e6ad56251cc","timestamp":"2025-02-09 01:39:03"}
{"level":"info","message":"Planillas recuperadas para el usuario 6747d9e276271e6ad56251cc","timestamp":"2025-02-09 01:51:12"}
{"level":"info","message":"Planillas recuperadas para el usuario 6747d9e276271e6ad56251cc","timestamp":"2025-02-09 01:51:12"}
{"level":"info","message":"Planillas recuperadas para el usuario 6747d9e276271e6ad56251cc","timestamp":"2025-02-09 01:51:39"}
{"level":"info","message":"Planillas recuperadas para el usuario 6747d9e276271e6ad56251cc","timestamp":"2025-02-09 01:51:45"}
{"level":"info","message":"Planillas recuperadas para el usuario 6747d9e276271e6ad56251cc","timestamp":"2025-02-09 01:51:46"}
{"level":"info","message":"Planillas recuperadas para el usuario 6747d9e276271e6ad56251cc","timestamp":"2025-02-09 01:56:00"}
{"level":"info","message":"Planillas recuperadas para el usuario 6747d9e276271e6ad56251cc","timestamp":"2025-02-09 01:56:00"}
